[debug] [2023-03-09T18:45:18.280Z] ----------------------------------------------------------------------
[debug] [2023-03-09T18:45:18.282Z] Command:       C:\Program Files\nodejs\node.exe C:\Users\User\Documents\sitios\abogada-jesica-jimenez\jjimenez\node_modules\firebase-tools\lib\bin\firebase.js init hosting
[debug] [2023-03-09T18:45:18.282Z] CLI Version:   11.24.1
[debug] [2023-03-09T18:45:18.283Z] Platform:      win32
[debug] [2023-03-09T18:45:18.283Z] Node Version:  v18.6.0
[debug] [2023-03-09T18:45:18.284Z] Time:          Thu Mar 09 2023 15:45:18 GMT-0300 (hora estándar de Argentina)
[debug] [2023-03-09T18:45:18.284Z] ----------------------------------------------------------------------
[debug] 
[debug] [2023-03-09T18:45:18.378Z] > command requires scopes: ["email","openid","https://www.googleapis.com/auth/cloudplatformprojects.readonly","https://www.googleapis.com/auth/firebase","https://www.googleapis.com/auth/cloud-platform"]
[debug] [2023-03-09T18:45:18.379Z] > authorizing via signed-in user (ezequiel.daran@gmail.com)
[info] 
     ######## #### ########  ######## ########     ###     ######  ########
     ##        ##  ##     ## ##       ##     ##  ##   ##  ##       ##
     ######    ##  ########  ######   ########  #########  ######  ######
     ##        ##  ##    ##  ##       ##     ## ##     ##       ## ##
     ##       #### ##     ## ######## ########  ##     ##  ######  ########

You're about to initialize a Firebase project in this directory:

  C:\Users\User\Documents\sitios\abogada-jesica-jimenez\jjimenez

Before we get started, keep in mind:

  * You are initializing within an existing Firebase project directory

[info] 
=== Project Setup
[info] 
[info] First, let's associate this project directory with a Firebase project.
[info] You can create multiple project aliases by running firebase use --add, 
[info] but for now we'll just set up a default project.
[info] 
[debug] [2023-03-09T18:45:26.269Z] Using project from CLI flag: jesica-jimenez
[debug] [2023-03-09T18:45:26.271Z] > refreshing access token with scopes: []
[debug] [2023-03-09T18:45:26.273Z] >>> [apiv2][query] POST https://www.googleapis.com/oauth2/v3/token [none]
[debug] [2023-03-09T18:45:26.273Z] >>> [apiv2][body] POST https://www.googleapis.com/oauth2/v3/token [omitted]
[debug] [2023-03-09T18:45:26.717Z] <<< [apiv2][status] POST https://www.googleapis.com/oauth2/v3/token 200
[debug] [2023-03-09T18:45:26.717Z] <<< [apiv2][body] POST https://www.googleapis.com/oauth2/v3/token [omitted]
[debug] [2023-03-09T18:45:26.736Z] >>> [apiv2][query] GET https://firebase.googleapis.com/v1beta1/projects/jesica-jimenez [none]
[debug] [2023-03-09T18:45:27.099Z] <<< [apiv2][status] GET https://firebase.googleapis.com/v1beta1/projects/jesica-jimenez 200
[debug] [2023-03-09T18:45:27.100Z] <<< [apiv2][body] GET https://firebase.googleapis.com/v1beta1/projects/jesica-jimenez {"projectId":"jesica-jimenez","projectNumber":"245710766525","displayName":"JESICA-JIMENEZ","name":"projects/jesica-jimenez","resources":{"hostingSite":"jesica-jimenez"},"state":"ACTIVE","etag":"1_09ae047e-f769-45bd-adc3-f4f8e2a9a5b4"}
[info] i  Using project jesica-jimenez (JESICA-JIMENEZ) 
[info] 
=== Hosting Setup
[info] 
[info] Your public directory is the folder (relative to your project directory) that
[info] will contain Hosting assets to be uploaded with firebase deploy. If you
[info] have a build process for your assets, use your build's output directory.
[info] 
[debug] [2023-03-09T19:54:06.323Z] ----------------------------------------------------------------------
[debug] [2023-03-09T19:54:06.325Z] Command:       C:\Program Files\nodejs\node.exe C:\Users\User\Documents\sitios\abogada-jesica-jimenez\jjimenez\node_modules\firebase-tools\lib\bin\firebase.js init hosting
[debug] [2023-03-09T19:54:06.326Z] CLI Version:   11.24.1
[debug] [2023-03-09T19:54:06.326Z] Platform:      win32
[debug] [2023-03-09T19:54:06.326Z] Node Version:  v18.6.0
[debug] [2023-03-09T19:54:06.328Z] Time:          Thu Mar 09 2023 16:54:06 GMT-0300 (hora estándar de Argentina)
[debug] [2023-03-09T19:54:06.329Z] ----------------------------------------------------------------------
[debug] 
[debug] [2023-03-09T19:54:06.410Z] > command requires scopes: ["email","openid","https://www.googleapis.com/auth/cloudplatformprojects.readonly","https://www.googleapis.com/auth/firebase","https://www.googleapis.com/auth/cloud-platform"]
[debug] [2023-03-09T19:54:06.410Z] > authorizing via signed-in user (ezequiel.daran@gmail.com)
[info] 
     ######## #### ########  ######## ########     ###     ######  ########
     ##        ##  ##     ## ##       ##     ##  ##   ##  ##       ##
     ######    ##  ########  ######   ########  #########  ######  ######
     ##        ##  ##    ##  ##       ##     ## ##     ##       ## ##
     ##       #### ##     ## ######## ########  ##     ##  ######  ########

You're about to initialize a Firebase project in this directory:

  C:\Users\User\Documents\sitios\abogada-jesica-jimenez\jjimenez

Before we get started, keep in mind:

  * You are initializing within an existing Firebase project directory

[info] 
=== Project Setup
[info] 
[info] First, let's associate this project directory with a Firebase project.
[info] You can create multiple project aliases by running firebase use --add, 
[info] but for now we'll just set up a default project.
[info] 
[debug] [2023-03-09T19:54:06.559Z] Using project from CLI flag: jesica-jimenez
[debug] [2023-03-09T19:54:06.563Z] > refreshing access token with scopes: []
[debug] [2023-03-09T19:54:06.572Z] >>> [apiv2][query] POST https://www.googleapis.com/oauth2/v3/token [none]
[debug] [2023-03-09T19:54:06.572Z] >>> [apiv2][body] POST https://www.googleapis.com/oauth2/v3/token [omitted]
[debug] [2023-03-09T19:54:06.875Z] <<< [apiv2][status] POST https://www.googleapis.com/oauth2/v3/token 200
[debug] [2023-03-09T19:54:06.875Z] <<< [apiv2][body] POST https://www.googleapis.com/oauth2/v3/token [omitted]
[debug] [2023-03-09T19:54:06.893Z] >>> [apiv2][query] GET https://firebase.googleapis.com/v1beta1/projects/jesica-jimenez [none]
[debug] [2023-03-09T19:54:07.285Z] <<< [apiv2][status] GET https://firebase.googleapis.com/v1beta1/projects/jesica-jimenez 200
[debug] [2023-03-09T19:54:07.286Z] <<< [apiv2][body] GET https://firebase.googleapis.com/v1beta1/projects/jesica-jimenez {"projectId":"jesica-jimenez","projectNumber":"245710766525","displayName":"JESICA-JIMENEZ","name":"projects/jesica-jimenez","resources":{"hostingSite":"jesica-jimenez"},"state":"ACTIVE","etag":"1_09ae047e-f769-45bd-adc3-f4f8e2a9a5b4"}
[info] i  Using project jesica-jimenez (JESICA-JIMENEZ) 
[info] 
=== Hosting Setup
[info] 
[info] Your public directory is the folder (relative to your project directory) that
[info] will contain Hosting assets to be uploaded with firebase deploy. If you
[info] have a build process for your assets, use your build's output directory.
[info] 
